<?xml version="1.0" encoding="UTF-8"?>
<!-- Generated by org.testng.reporters.JUnitReportReporter -->
<testsuite hostname="VINVARMA-IN" name="com.oracle.hpcm.tests.EngineAutomationTestFixture" tests="3" failures="1" timestamp="15 Nov 2018 18:40:59 GMT" time="18.375" errors="0">
  <testcase name="testLCMImportFileUpload" time="12.715" classname="com.oracle.hpcm.tests.EngineAutomationTestFixture"/>
  <testcase name="testLogin" time="2.284" classname="com.oracle.hpcm.tests.EngineAutomationTestFixture"/>
  <testcase name="testLCMImport" time="3.376" classname="com.oracle.hpcm.tests.EngineAutomationTestFixture">
    <failure type="java.lang.AssertionError" message="LCM Import failed. Error: null
Processing...
Retrieving status...
EPMAT-1:Command failed to execute.

Details: 

----------------------------------------------------------
Source: /BksML30/HPCM-BksML30
Destination: BksML30
----------------------------------------------------------
14000: Error reported from HPCM.
Application not found.Application does not exist: BksML30. expected [true] but found [false]">
      <![CDATA[java.lang.AssertionError: LCM Import failed. Error: null
Processing...
Retrieving status...
EPMAT-1:Command failed to execute.

Details: 

----------------------------------------------------------
Source: /BksML30/HPCM-BksML30
Destination: BksML30
----------------------------------------------------------
14000: Error reported from HPCM.
Application not found.Application does not exist: BksML30. expected [true] but found [false]
	at org.testng.Assert.fail(Assert.java:94)
	at org.testng.Assert.failNotEquals(Assert.java:513)
	at org.testng.Assert.assertTrue(Assert.java:42)
	at com.oracle.hpcm.tests.EngineAutomationTestFixture.testLCMImport(EngineAutomationTestFixture.java:135)
	at sun.reflect.NativeMethodAccessorImpl.invoke0(Native Method)
	at sun.reflect.NativeMethodAccessorImpl.invoke(NativeMethodAccessorImpl.java:62)
	at sun.reflect.DelegatingMethodAccessorImpl.invoke(DelegatingMethodAccessorImpl.java:43)
	at java.lang.reflect.Method.invoke(Method.java:498)
	at org.testng.internal.MethodInvocationHelper.invokeMethod(MethodInvocationHelper.java:86)
	at org.testng.internal.Invoker.invokeMethod(Invoker.java:643)
	at org.testng.internal.Invoker.invokeTestMethod(Invoker.java:820)
	at org.testng.internal.Invoker.invokeTestMethods(Invoker.java:1128)
	at org.testng.internal.TestMethodWorker.invokeTestMethods(TestMethodWorker.java:129)
	at org.testng.internal.TestMethodWorker.run(TestMethodWorker.java:112)
	at org.testng.TestRunner.privateRun(TestRunner.java:782)
	at org.testng.TestRunner.run(TestRunner.java:632)
	at org.testng.SuiteRunner.runTest(SuiteRunner.java:366)
	at org.testng.SuiteRunner.runSequentially(SuiteRunner.java:361)
	at org.testng.SuiteRunner.privateRun(SuiteRunner.java:319)
	at org.testng.SuiteRunner.run(SuiteRunner.java:268)
	at org.testng.SuiteRunnerWorker.runSuite(SuiteRunnerWorker.java:52)
	at org.testng.SuiteRunnerWorker.run(SuiteRunnerWorker.java:86)
	at org.testng.TestNG.runSuitesSequentially(TestNG.java:1244)
	at org.testng.TestNG.runSuitesLocally(TestNG.java:1169)
	at org.testng.TestNG.run(TestNG.java:1064)
	at org.apache.maven.surefire.testng.TestNGExecutor.run(TestNGExecutor.java:295)
	at org.apache.maven.surefire.testng.TestNGXmlTestSuite.execute(TestNGXmlTestSuite.java:84)
	at org.apache.maven.surefire.testng.TestNGProvider.invoke(TestNGProvider.java:90)
	at org.apache.maven.surefire.booter.ForkedBooter.invokeProviderInSameClassLoader(ForkedBooter.java:203)
	at org.apache.maven.surefire.booter.ForkedBooter.runSuitesInProcess(ForkedBooter.java:155)
	at org.apache.maven.surefire.booter.ForkedBooter.main(ForkedBooter.java:103)
]]>
    </failure>
  </testcase> <!-- testLCMImport -->
</testsuite> <!-- com.oracle.hpcm.tests.EngineAutomationTestFixture -->
