<?xml version="1.0" encoding="UTF-8"?>
<!-- Generated by org.testng.reporters.JUnitReportReporter -->
<testsuite hostname="VINVARMA-IN" name="com.oracle.hpcm.tests.EngineAutomationTestFixture" tests="6" failures="0" timestamp="9 Aug 2019 11:54:21 GMT" time="278.930" errors="0">
  <testcase name="login" time="3.370" classname="com.oracle.hpcm.tests.EngineAutomationTestFixture"/>
  <testcase name="lcmImport" time="221.035" classname="com.oracle.hpcm.tests.EngineAutomationTestFixture"/>
  <testcase name="checkReadAccess" time="13.437" classname="com.oracle.hpcm.tests.EngineAutomationTestFixture"/>
  <testcase name="checkReadAccess" time="13.233" classname="com.oracle.hpcm.tests.EngineAutomationTestFixture"/>
  <testcase name="checkReadAccess" time="12.281" classname="com.oracle.hpcm.tests.EngineAutomationTestFixture"/>
  <testcase name="deleteExistingApp" time="15.574" classname="com.oracle.hpcm.tests.EngineAutomationTestFixture"/>
</testsuite> <!-- com.oracle.hpcm.tests.EngineAutomationTestFixture -->
